This is pdfTeX, Version 3.141592653-2.6-1.40.23 (TeX Live 2021/Arch Linux) (preloaded format=pdflatex 2022.4.16)  23 APR 2022 22:53
entering extended mode
 restricted \write18 enabled.
 %&-line parsing enabled.
**Predloga_za_VSS_I.st._PAP_in_MAG_II.st._-_dvostransko.tex
(./Predloga_za_VSS_I.st._PAP_in_MAG_II.st._-_dvostransko.tex
LaTeX2e <2021-11-15> patch level 1
L3 programming layer <2022-02-24>
(/usr/share/texmf-dist/tex/latex/base/book.cls
Document Class: book 2021/10/04 v1.4n Standard LaTeX document class
(/usr/share/texmf-dist/tex/latex/base/fleqn.clo
File: fleqn.clo 2016/12/29 v1.2b Standard LaTeX option (flush left equations)
\mathindent=\skip47
Applying: [2015/01/01] Make \[ robust on input line 50.
LaTeX Info: Redefining \[ on input line 51.
Already applied: [0000/00/00] Make \[ robust on input line 62.
Applying: [2015/01/01] Make \] robust on input line 74.
LaTeX Info: Redefining \] on input line 75.
Already applied: [0000/00/00] Make \] robust on input line 83.
)
(/usr/share/texmf-dist/tex/latex/base/bk12.clo
File: bk12.clo 2021/10/04 v1.4n Standard LaTeX file (size option)
)
\c@part=\count185
\c@chapter=\count186
\c@section=\count187
\c@subsection=\count188
\c@subsubsection=\count189
\c@paragraph=\count190
\c@subparagraph=\count191
\c@figure=\count192
\c@table=\count193
\abovecaptionskip=\skip48
\belowcaptionskip=\skip49
\bibindent=\dimen138
)
(/usr/share/texmf-dist/tex/latex/pdfx/pdfx.sty
Package: pdfx 2019/02/27 v1.6.3 PDF/X and PDF/A support (CVR/HTH/RRM/PS)
\pdfx@minorversion=\count194

(/usr/share/texmf-dist/tex/generic/iftex/iftex.sty
Package: iftex 2022/02/03 v1.0f TeX engine tests
)
(/usr/share/texmf-dist/tex/generic/iftex/ifpdf.sty
Package: ifpdf 2019/10/25 v3.4 ifpdf legacy package. Use iftex instead.
)
(/usr/share/texmf-dist/tex/generic/iftex/ifxetex.sty
Package: ifxetex 2019/10/25 v0.7 ifxetex legacy package. Use iftex instead.
)
(/usr/share/texmf-dist/tex/latex/everyshi/everyshi.sty
Package: everyshi 2020/11/18 v4.00 EveryShipout Package
)
(/usr/share/texmf-dist/tex/generic/iftex/ifluatex.sty
Package: ifluatex 2019/10/25 v1.5 ifluatex legacy package. Use iftex instead.
){/var/lib/texmf/fonts/map/pdftex/updmap/pdftex.map} (/usr/share/texmf-dist/tex
/latex/base/inputenc.sty
Package: inputenc 2021/02/14 v1.3d Input encoding file
\inpenc@prehook=\toks16
\inpenc@posthook=\toks17
)
(/usr/share/texmf-dist/tex/latex/pdfx/l8u-penc.def
File: l8u-penc.def 2017/06/23 v0.8 Custom LaTeX file, for UTF8 encoded letters 
and symbols
LaTeX Info: Composite with undeclared \b in encoding L8U on input line 278.
)
\pdfxsafeforxmp@toks=\toks18

(/usr/share/texmf-dist/tex/latex/xcolor/xcolor.sty
Package: xcolor 2021/10/31 v2.13 LaTeX color extensions (UK)

(/usr/share/texmf-dist/tex/latex/graphics-cfg/color.cfg
File: color.cfg 2016/01/02 v1.6 sample color configuration
)
Package xcolor Info: Driver file: pdftex.def on input line 227.

(/usr/share/texmf-dist/tex/latex/graphics-def/pdftex.def
File: pdftex.def 2020/10/05 v1.2a Graphics/color driver for pdftex
)
Package xcolor Info: Model `cmy' substituted by `cmy0' on input line 1352.
Package xcolor Info: Model `hsb' substituted by `rgb' on input line 1356.
Package xcolor Info: Model `RGB' extended on input line 1368.
Package xcolor Info: Model `HTML' substituted by `rgb' on input line 1370.
Package xcolor Info: Model `Hsb' substituted by `hsb' on input line 1371.
Package xcolor Info: Model `tHsb' substituted by `hsb' on input line 1372.
Package xcolor Info: Model `HSB' substituted by `hsb' on input line 1373.
Package xcolor Info: Model `Gray' substituted by `gray' on input line 1374.
Package xcolor Info: Model `wave' substituted by `hsb' on input line 1375.
)
\pdfx@tmptoks=\toks19

(/usr/share/texmf-dist/tex/latex/hyperref/hyperref.sty
Package: hyperref 2022-02-21 v7.00n Hypertext links for LaTeX

(/usr/share/texmf-dist/tex/generic/ltxcmds/ltxcmds.sty
Package: ltxcmds 2020-05-10 v1.25 LaTeX kernel commands for general use (HO)
)
(/usr/share/texmf-dist/tex/generic/pdftexcmds/pdftexcmds.sty
Package: pdftexcmds 2020-06-27 v0.33 Utility functions of pdfTeX for LuaTeX (HO
)

(/usr/share/texmf-dist/tex/generic/infwarerr/infwarerr.sty
Package: infwarerr 2019/12/03 v1.5 Providing info/warning/error messages (HO)
)
Package pdftexcmds Info: \pdf@primitive is available.
Package pdftexcmds Info: \pdf@ifprimitive is available.
Package pdftexcmds Info: \pdfdraftmode found.
)
(/usr/share/texmf-dist/tex/latex/graphics/keyval.sty
Package: keyval 2014/10/28 v1.15 key=value parser (DPC)
\KV@toks@=\toks20
)
(/usr/share/texmf-dist/tex/generic/kvsetkeys/kvsetkeys.sty
Package: kvsetkeys 2019/12/15 v1.18 Key value parser (HO)
)
(/usr/share/texmf-dist/tex/generic/kvdefinekeys/kvdefinekeys.sty
Package: kvdefinekeys 2019-12-19 v1.6 Define keys (HO)
)
(/usr/share/texmf-dist/tex/generic/pdfescape/pdfescape.sty
Package: pdfescape 2019/12/09 v1.15 Implements pdfTeX's escape features (HO)
)
(/usr/share/texmf-dist/tex/latex/hycolor/hycolor.sty
Package: hycolor 2020-01-27 v1.10 Color options for hyperref/bookmark (HO)
)
(/usr/share/texmf-dist/tex/latex/letltxmacro/letltxmacro.sty
Package: letltxmacro 2019/12/03 v1.6 Let assignment for LaTeX macros (HO)
)
(/usr/share/texmf-dist/tex/latex/auxhook/auxhook.sty
Package: auxhook 2019-12-17 v1.6 Hooks for auxiliary files (HO)
)
(/usr/share/texmf-dist/tex/latex/kvoptions/kvoptions.sty
Package: kvoptions 2020-10-07 v3.14 Key value format for package options (HO)
)
\@linkdim=\dimen139
\Hy@linkcounter=\count195
\Hy@pagecounter=\count196

(/usr/share/texmf-dist/tex/latex/hyperref/pd1enc.def
File: pd1enc.def 2022-02-21 v7.00n Hyperref: PDFDocEncoding definition (HO)
)
(/usr/share/texmf-dist/tex/generic/intcalc/intcalc.sty
Package: intcalc 2019/12/15 v1.3 Expandable calculations with integers (HO)
)
(/usr/share/texmf-dist/tex/generic/etexcmds/etexcmds.sty
Package: etexcmds 2019/12/15 v1.7 Avoid name clashes with e-TeX commands (HO)
)
\Hy@SavedSpaceFactor=\count197

(/usr/share/texmf-dist/tex/latex/hyperref/puenc.def
File: puenc.def 2022-02-21 v7.00n Hyperref: PDF Unicode definition (HO)
)
Package hyperref Info: Option `pdfa' set `true' on input line 4018.
Package hyperref Info: Hyper figures OFF on input line 4137.
Package hyperref Info: Link nesting OFF on input line 4142.
Package hyperref Info: Hyper index ON on input line 4145.
Package hyperref Info: Plain pages OFF on input line 4152.
Package hyperref Info: Backreferencing OFF on input line 4157.
Package hyperref Info: Implicit mode ON; LaTeX internals redefined.
Package hyperref Info: Bookmarks ON on input line 4390.
\c@Hy@tempcnt=\count198

(/usr/share/texmf-dist/tex/latex/url/url.sty
\Urlmuskip=\muskip16
Package: url 2013/09/16  ver 3.4  Verb mode for urls, etc.
)
LaTeX Info: Redefining \url on input line 4749.
\XeTeXLinkMargin=\dimen140

(/usr/share/texmf-dist/tex/generic/bitset/bitset.sty
Package: bitset 2019/12/09 v1.3 Handle bit-vector datatype (HO)

(/usr/share/texmf-dist/tex/generic/bigintcalc/bigintcalc.sty
Package: bigintcalc 2019/12/15 v1.5 Expandable calculations on big integers (HO
)
))
\Fld@menulength=\count199
\Field@Width=\dimen141
\Fld@charsize=\dimen142
Package hyperref Info: Hyper figures OFF on input line 6027.
Package hyperref Info: Link nesting OFF on input line 6032.
Package hyperref Info: Hyper index ON on input line 6035.
Package hyperref Info: backreferencing OFF on input line 6042.
Package hyperref Info: Link coloring OFF on input line 6047.
Package hyperref Info: Link coloring with OCG OFF on input line 6052.
Package hyperref Info: PDF/A mode ON on input line 6055.
LaTeX Info: Redefining \ref on input line 6097.
LaTeX Info: Redefining \pageref on input line 6101.

(/usr/share/texmf-dist/tex/latex/base/atbegshi-ltx.sty
Package: atbegshi-ltx 2021/01/10 v1.0c Emulation of the original atbegshi
package with kernel methods
)
\Hy@abspage=\count266
\c@Item=\count267
\c@Hfootnote=\count268
)
Package hyperref Info: Driver: hpdftex.

(/usr/share/texmf-dist/tex/latex/hyperref/hpdftex.def
File: hpdftex.def 2022-02-21 v7.00n Hyperref driver for pdfTeX

(/usr/share/texmf-dist/tex/latex/base/atveryend-ltx.sty
Package: atveryend-ltx 2020/08/19 v1.0a Emulation of the original atveryend pac
kage
with kernel methods
)
\Fld@listcount=\count269
\c@bookmark@seq@number=\count270

(/usr/share/texmf-dist/tex/latex/rerunfilecheck/rerunfilecheck.sty
Package: rerunfilecheck 2019/12/05 v1.9 Rerun checks for auxiliary files (HO)

(/usr/share/texmf-dist/tex/generic/uniquecounter/uniquecounter.sty
Package: uniquecounter 2019/12/15 v1.4 Provide unlimited unique counter (HO)
)
Package uniquecounter Info: New unique counter `rerunfilecheck' on input line 2
86.
)
\Hy@SectionHShift=\skip50
)
Package hyperref Info: Option `unicode' set `true' on input line 1463.

(/usr/share/texmf-dist/tex/generic/stringenc/stringenc.sty
Package: stringenc 2019/11/29 v1.12 Convert strings between diff. encodings (HO
)
)
Package hyperref Info: Option `psdextra' set `true' on input line 1465.

(/usr/share/texmf-dist/tex/latex/hyperref/puenc-greekbasic.def
File: puenc-greekbasic.def 2022-02-21 v7.00n Hyperref: PDF Unicode definition (
greek block) (HO)
)
(/usr/share/texmf-dist/tex/latex/hyperref/psdextra.def
File: psdextra.def 2022-02-21 v7.00n Hyperref: Additions to PDF string support
)
(/usr/share/texmf-dist/tex/generic/colorprofiles/colorprofiles.sty
Package: colorprofiles 2018/11/01 v1.0.1 color profiles for PDF/X and PDF/A sup
port

(/usr/share/texmf-dist/tex/generic/colorprofiles/colorprofiles.tex))
(/usr/share/texmf-dist/tex/generic/stringenc/se-pdfdoc.def
File: se-pdfdoc.def 2019/11/29 v1.12 stringenc: PDFDocEncoding
)
(/usr/share/texmf-dist/tex/latex/pdfx/AdobeColorProfiles.tex)
(/usr/share/texmf-dist/tex/latex/pdfx/8bit.def
File: 8bit.def 2008/03/30 v1.1d Input encoding file
)
** pdfx: No file Predloga_za_VSS_I.st._PAP_in_MAG_II.st._-_dvostransko.xmpdata 
. Metadata will be incomplete!
<<sRGB.icc>> (/usr/share/texmf-dist/tex/latex/pdfx/8bit.def
File: 8bit.def 2008/03/30 v1.1d Input encoding file
)
Package hyperref Info: Option `unicode' set `true' on input line 2411.
Package hyperref Info: Option `unicode' set `true' on input line 2412.

(/usr/share/texmf-dist/tex/generic/pdftex/glyphtounicode.tex)
(/usr/share/texmf-dist/tex/latex/pdfx/glyphtounicode-cmr.tex)
(/usr/share/texmf-dist/tex/latex/pdfx/glyphtounicode-ntx.tex)
(/usr/share/texmf-dist/tex/latex/base/ifthen.sty
Package: ifthen 2020/11/24 v1.1c Standard LaTeX ifthen package (DPC)
)
(/usr/share/texmf-dist/tex/latex/xmpincl/xmpincl.sty
Package: xmpincl 2021/09/22 v2.4 Include XMP data in pdflatex
)
(/usr/share/texmf-dist/tex/latex/pdfx/8bit.def
File: 8bit.def 2008/03/30 v1.1d Input encoding file
)
Using XMP template file: pdfa.xmp
\xmpinclWrite=\write3
\xmpinclRead=\read2
\openout3 = `pdfa.xmpi'.

<<pdfa.xmpi>>) (/usr/share/texmf-dist/tex/latex/amsfonts/amsfonts.sty
Package: amsfonts 2013/01/14 v3.01 Basic AMSFonts support
\@emptytoks=\toks21
\symAMSa=\mathgroup4
\symAMSb=\mathgroup5
LaTeX Font Info:    Redeclaring math symbol \hbar on input line 98.
LaTeX Font Info:    Overwriting math alphabet `\mathfrak' in version `bold'
(Font)                  U/euf/m/n --> U/euf/b/n on input line 106.
)
(/usr/share/texmf-dist/tex/latex/amsfonts/amssymb.sty
Package: amssymb 2013/01/14 v3.01 AMS font symbols
)
(/usr/share/texmf-dist/tex/latex/amsmath/amsmath.sty
Package: amsmath 2021/10/15 v2.17l AMS math features
\@mathmargin=\skip51

For additional information on amsmath, use the `?' option.
(/usr/share/texmf-dist/tex/latex/amsmath/amstext.sty
Package: amstext 2021/08/26 v2.01 AMS text

(/usr/share/texmf-dist/tex/latex/amsmath/amsgen.sty
File: amsgen.sty 1999/11/30 v2.0 generic functions
\@emptytoks=\toks22
\ex@=\dimen143
))
(/usr/share/texmf-dist/tex/latex/amsmath/amsbsy.sty
Package: amsbsy 1999/11/29 v1.2d Bold Symbols
\pmbraise@=\dimen144
)
(/usr/share/texmf-dist/tex/latex/amsmath/amsopn.sty
Package: amsopn 2021/08/26 v2.02 operator names
)
\inf@bad=\count271
LaTeX Info: Redefining \frac on input line 234.
\uproot@=\count272
\leftroot@=\count273
LaTeX Info: Redefining \overline on input line 399.
\classnum@=\count274
\DOTSCASE@=\count275
LaTeX Info: Redefining \ldots on input line 496.
LaTeX Info: Redefining \dots on input line 499.
LaTeX Info: Redefining \cdots on input line 620.
\Mathstrutbox@=\box50
\strutbox@=\box51
\big@size=\dimen145
LaTeX Font Info:    Redeclaring font encoding OML on input line 743.
LaTeX Font Info:    Redeclaring font encoding OMS on input line 744.
\macc@depth=\count276
\c@MaxMatrixCols=\count277
\dotsspace@=\muskip17
\c@parentequation=\count278
\dspbrk@lvl=\count279
\tag@help=\toks23
\row@=\count280
\column@=\count281
\maxfields@=\count282
\andhelp@=\toks24
\eqnshift@=\dimen146
\alignsep@=\dimen147
\tagshift@=\dimen148
\tagwidth@=\dimen149
\totwidth@=\dimen150
\lineht@=\dimen151
\@envbody=\toks25
\multlinegap=\skip52
\multlinetaggap=\skip53
\mathdisplay@stack=\toks26
LaTeX Info: Redefining \[ on input line 2938.
LaTeX Info: Redefining \] on input line 2939.
)
(/usr/share/texmf-dist/tex/latex/tools/enumerate.sty
Package: enumerate 2015/07/23 v3.00 enumerate extensions (DPC)
\@enLab=\toks27
)
(/usr/share/texmf-dist/tex/latex/placeins/placeins.sty
Package: placeins 2005/04/18  v 2.2
)
(/usr/share/texmf-dist/tex/latex/float/float.sty
Package: float 2001/11/08 v1.3d Float enhancements (AL)
\c@float@type=\count283
\float@exts=\toks28
\float@box=\box52
\@float@everytoks=\toks29
\@floatcapt=\box53
)
(/usr/share/texmf-dist/tex/generic/babel/babel.sty
Package: babel 2022/02/26 3.73 The Babel package
\babel@savecnt=\count284
\U@D=\dimen152
\l@unhyphenated=\language87

(/usr/share/texmf-dist/tex/generic/babel/txtbabel.def)
\bbl@readstream=\read3
\bbl@dirlevel=\count285

(/usr/share/texmf-dist/tex/generic/babel-slovenian/slovene.ldf
Language: slovene 2021/02/06 v1.2n Slovene support from the babel system
Package babel Info: Making " an active character on input line 79.
))
(/usr/share/texmf-dist/tex/latex/base/inputenc.sty
Package: inputenc 2021/02/14 v1.3d Input encoding file
)
(/usr/share/texmf-dist/tex/latex/graphics/graphicx.sty
Package: graphicx 2021/09/16 v1.2d Enhanced LaTeX Graphics (DPC,SPQR)

(/usr/share/texmf-dist/tex/latex/graphics/graphics.sty
Package: graphics 2021/03/04 v1.4d Standard LaTeX Graphics (DPC,SPQR)

(/usr/share/texmf-dist/tex/latex/graphics/trig.sty
Package: trig 2021/08/11 v1.11 sin cos tan (DPC)
)
(/usr/share/texmf-dist/tex/latex/graphics-cfg/graphics.cfg
File: graphics.cfg 2016/06/04 v1.11 sample graphics configuration
)
Package graphics Info: Driver file: pdftex.def on input line 107.
)
\Gin@req@height=\dimen153
\Gin@req@width=\dimen154
)
(/usr/share/texmf-dist/tex/latex/fancyhdr/fancyhdr.sty
Package: fancyhdr 2021/01/28 v4.0.1 Extensive control of page headers and foote
rs
\f@nch@headwidth=\skip54
\f@nch@O@elh=\skip55
\f@nch@O@erh=\skip56
\f@nch@O@olh=\skip57
\f@nch@O@orh=\skip58
\f@nch@O@elf=\skip59
\f@nch@O@erf=\skip60
\f@nch@O@olf=\skip61
\f@nch@O@orf=\skip62
)
(/usr/share/texmf-dist/tex/latex/epstopdf-pkg/epstopdf.sty
Package: epstopdf 2020-01-24 v2.11 Conversion with epstopdf on the fly (HO)

(/usr/share/texmf-dist/tex/latex/grfext/grfext.sty
Package: grfext 2019/12/03 v1.3 Manage graphics extensions (HO)
)
(/usr/share/texmf-dist/tex/latex/epstopdf-pkg/epstopdf-base.sty
Package: epstopdf-base 2020-01-24 v2.11 Base part for package epstopdf
Package epstopdf-base Info: Redefining graphics rule for `.eps' on input line 4
85.
Package grfext Info: Graphics extension search list:
(grfext)             [.pdf,.png,.jpg,.mps,.jpeg,.jbig2,.jb2,.PDF,.PNG,.JPG,.JPE
G,.JBIG2,.JB2,.eps]
(grfext)             \AppendGraphicsExtensions on input line 504.

(/usr/share/texmf-dist/tex/latex/latexconfig/epstopdf-sys.cfg
File: epstopdf-sys.cfg 2010/07/13 v1.3 Configuration of (r)epstopdf for TeX Liv
e
)))
(/usr/share/texmf-dist/tex/latex/enumitem/enumitem.sty
Package: enumitem 2019/06/20 v3.9 Customized lists
\labelindent=\skip63
\enit@outerparindent=\dimen155
\enit@toks=\toks30
\enit@inbox=\box54
\enit@count@id=\count286
\enitdp@description=\count287
)
(/usr/share/texmf-dist/tex/latex/notoccite/notoccite.sty
Package: notoccite 2000/07/20
)
(/usr/share/texmf-dist/tex/latex/tools/longtable.sty
Package: longtable 2021-09-01 v4.17 Multi-page Table package (DPC)
\LTleft=\skip64
\LTright=\skip65
\LTpre=\skip66
\LTpost=\skip67
\LTchunksize=\count288
\LTcapwidth=\dimen156
\LT@head=\box55
\LT@firsthead=\box56
\LT@foot=\box57
\LT@lastfoot=\box58
\LT@gbox=\box59
\LT@cols=\count289
\LT@rows=\count290
\c@LT@tables=\count291
\c@LT@chunks=\count292
\LT@p@ftn=\toks31
)
(/usr/share/texmf-dist/tex/latex/ifoddpage/ifoddpage.sty
Package: ifoddpage 2016/04/23 v1.1 Conditionals for odd/even page detection
\c@checkoddpage=\count293
)
(/usr/share/texmf-dist/tex/latex/tocloft/tocloft.sty
Package: tocloft 2017/08/31 v2.3i parameterised ToC, etc., typesetting
Package tocloft Info: The document has chapter divisions on input line 51.
\cftparskip=\skip68
\cftbeforetoctitleskip=\skip69
\cftaftertoctitleskip=\skip70
\cftbeforepartskip=\skip71
\cftpartnumwidth=\skip72
\cftpartindent=\skip73
\cftbeforechapskip=\skip74
\cftchapindent=\skip75
\cftchapnumwidth=\skip76
\cftbeforesecskip=\skip77
\cftsecindent=\skip78
\cftsecnumwidth=\skip79
\cftbeforesubsecskip=\skip80
\cftsubsecindent=\skip81
\cftsubsecnumwidth=\skip82
\cftbeforesubsubsecskip=\skip83
\cftsubsubsecindent=\skip84
\cftsubsubsecnumwidth=\skip85
\cftbeforeparaskip=\skip86
\cftparaindent=\skip87
\cftparanumwidth=\skip88
\cftbeforesubparaskip=\skip89
\cftsubparaindent=\skip90
\cftsubparanumwidth=\skip91
\cftbeforeloftitleskip=\skip92
\cftafterloftitleskip=\skip93
\cftbeforefigskip=\skip94
\cftfigindent=\skip95
\cftfignumwidth=\skip96
\c@lofdepth=\count294
\c@lotdepth=\count295
\cftbeforelottitleskip=\skip97
\cftafterlottitleskip=\skip98
\cftbeforetabskip=\skip99
\cfttabindent=\skip100
\cfttabnumwidth=\skip101


Package tocloft Warning: \@starttoc has already been redefined; tocloft bailing
 out. on input line 1156.

) (/usr/share/texmf-dist/tex/latex/titlesec/titlesec.sty
Package: titlesec 2021/07/05 v2.14 Sectioning titles
\ttl@box=\box60
\beforetitleunit=\skip102
\aftertitleunit=\skip103
\ttl@plus=\dimen157
\ttl@minus=\dimen158
\ttl@toksa=\toks32
\titlewidth=\dimen159
\titlewidthlast=\dimen160
\titlewidthfirst=\dimen161
)
(/usr/share/texmf-dist/tex/latex/pdfpages/pdfpages.sty
Package: pdfpages 2022/01/29 v0.5u Insert pages of external PDF documents (AM)

(/usr/share/texmf-dist/tex/latex/tools/calc.sty
Package: calc 2017/05/25 v4.3 Infix arithmetic (KKT,FJ)
\calc@Acount=\count296
\calc@Bcount=\count297
\calc@Adimen=\dimen162
\calc@Bdimen=\dimen163
\calc@Askip=\skip104
\calc@Bskip=\skip105
LaTeX Info: Redefining \setlength on input line 80.
LaTeX Info: Redefining \addtolength on input line 81.
\calc@Ccount=\count298
\calc@Cskip=\skip106
)
(/usr/share/texmf-dist/tex/latex/eso-pic/eso-pic.sty
Package: eso-pic 2020/10/14 v3.0a eso-pic (RN)
\ESO@tempdima=\dimen164
\ESO@tempdimb=\dimen165
)
\AM@pagewidth=\dimen166
\AM@pageheight=\dimen167
\AM@fboxrule=\dimen168

(/usr/share/texmf-dist/tex/latex/pdfpages/pppdftex.def
File: pppdftex.def 2022/01/29 v0.5u Pdfpages driver for pdfTeX (AM)
)
\pdfpages@includegraphics@status=\count299
\AM@pagebox=\box61
\AM@global@opts=\toks33
\AM@pagecnt=\count300
\AM@toc@title=\toks34
\c@AM@survey=\count301
\AM@templatesizebox=\box62
)
(/usr/share/texmf-dist/tex/latex/hyperref/nameref.sty
Package: nameref 2021-04-02 v2.47 Cross-referencing by name of section

(/usr/share/texmf-dist/tex/latex/refcount/refcount.sty
Package: refcount 2019/12/15 v3.6 Data extraction from label references (HO)
)
(/usr/share/texmf-dist/tex/generic/gettitlestring/gettitlestring.sty
Package: gettitlestring 2019/12/15 v1.6 Cleanup title references (HO)
)
\c@section@level=\count302
)
(/usr/share/texmf-dist/tex/latex/multirow/multirow.sty
Package: multirow 2021/03/15 v2.8 Span multiple rows of a table
\multirow@colwidth=\skip107
\multirow@cntb=\count303
\multirow@dima=\skip108
\bigstrutjot=\dimen169
)
(/usr/share/texmf-dist/tex/latex/caption/caption.sty
Package: caption 2022/03/01 v3.6b Customizing captions (AR)

(/usr/share/texmf-dist/tex/latex/caption/caption3.sty
Package: caption3 2022/03/17 v2.3b caption3 kernel (AR)
\caption@tempdima=\dimen170
\captionmargin=\dimen171
\caption@leftmargin=\dimen172
\caption@rightmargin=\dimen173
\caption@width=\dimen174
\caption@indent=\dimen175
\caption@parindent=\dimen176
\caption@hangindent=\dimen177
Package caption Info: Standard document class detected.
)
\c@caption@flags=\count304
\c@continuedfloat=\count305
Package caption Info: float package is loaded.
Package caption Info: hyperref package is loaded.
Package caption Info: longtable package is loaded.

(/usr/share/texmf-dist/tex/latex/caption/ltcaption.sty
Package: ltcaption 2021/01/08 v1.4c longtable captions (AR)
))
(/usr/share/texmf-dist/tex/latex/caption/subcaption.sty
Package: subcaption 2022/01/07 v1.5 Sub-captions (AR)
\c@subfigure=\count306
\c@subtable=\count307
)
(/usr/share/texmf-dist/tex/latex/was/icomma.sty
Package: icomma 2002/03/10 v2.0 (WaS)
)
(/usr/share/texmf-dist/tex/latex/cite/cite.sty
LaTeX Info: Redefining \cite on input line 302.
LaTeX Info: Redefining \nocite on input line 332.
Package: cite 2015/02/27  v 5.5
)
(/usr/share/texmf-dist/tex/latex/tocbibind/tocbibind.sty
Package: tocbibind 2010/10/13 v1.5k extra ToC listings
Package tocbibind Info: The document has chapter divisions on input line 50.


Package tocbibind Note: Using chapter style headings, unless overridden.

) (/usr/share/texmf-dist/tex/latex/datetime2/datetime2.sty
Package: datetime2 2021/03/21 v1.5.7 (NLCT) date and time formats

(/usr/share/texmf-dist/tex/latex/tracklang/tracklang.sty
Package: tracklang 2020/06/30 v1.5 (NLCT) Track Languages

(/usr/share/texmf-dist/tex/generic/tracklang/tracklang.tex))
(/usr/share/texmf-dist/tex/latex/etoolbox/etoolbox.sty
Package: etoolbox 2020/10/05 v2.5k e-TeX tools for LaTeX (JAW)
\etb@tempcnta=\count308
)
(/usr/share/texmf-dist/tex/latex/xkeyval/xkeyval.sty
Package: xkeyval 2020/11/20 v2.8 package option processing (HA)

(/usr/share/texmf-dist/tex/generic/xkeyval/xkeyval.tex
(/usr/share/texmf-dist/tex/generic/xkeyval/xkvutils.tex
\XKV@toks=\toks35
\XKV@tempa@toks=\toks36
)
\XKV@depth=\count309
File: xkeyval.tex 2014/12/03 v2.7a key=value parser (HA)
))
(/usr/share/texmf-dist/tex/latex/datetime2-slovene/datetime2-slovene.ldf
File: datetime2-slovene.ldf 2019/10/04 v1.1

(/usr/share/texmf-dist/tex/latex/datetime2-slovene/datetime2-slovene-ascii.ldf
File: datetime2-slovene-ascii.ldf 2019/10/04 v1.1
))) (/usr/share/texmf-dist/tex/latex/geometry/geometry.sty
Package: geometry 2020/01/02 v5.9 Page Geometry

(/usr/share/texmf-dist/tex/generic/iftex/ifvtex.sty
Package: ifvtex 2019/10/25 v1.7 ifvtex legacy package. Use iftex instead.
)
\Gm@cnth=\count310
\Gm@cntv=\count311
\c@Gm@tempcnt=\count312
\Gm@bindingoffset=\dimen178
\Gm@wd@mp=\dimen179
\Gm@odd@mp=\dimen180
\Gm@even@mp=\dimen181
\Gm@layoutwidth=\dimen182
\Gm@layoutheight=\dimen183
\Gm@layouthoffset=\dimen184
\Gm@layoutvoffset=\dimen185
\Gm@dimlist=\toks37
)

Package datetime2 Warning: Region `slovene-ascii' has ignored 
(datetime2)                the following settings:
(datetime2)                showdayofmonth=false
 on input line 107.

(/usr/share/texmf-dist/tex/latex/l3backend/l3backend-pdftex.def
File: l3backend-pdftex.def 2022-02-07 L3 backend support: PDF output (pdfTeX)
\l__color_backend_stack_int=\count313
\l__pdf_internal_box=\box63
)
No file Predloga_za_VSS_I.st._PAP_in_MAG_II.st._-_dvostransko.aux.
\openout1 = `Predloga_za_VSS_I.st._PAP_in_MAG_II.st._-_dvostransko.aux'.

LaTeX Font Info:    Checking defaults for OML/cmm/m/it on input line 109.
LaTeX Font Info:    ... okay on input line 109.
LaTeX Font Info:    Checking defaults for OMS/cmsy/m/n on input line 109.
LaTeX Font Info:    ... okay on input line 109.
LaTeX Font Info:    Checking defaults for OT1/cmr/m/n on input line 109.
LaTeX Font Info:    ... okay on input line 109.
LaTeX Font Info:    Checking defaults for T1/cmr/m/n on input line 109.
LaTeX Font Info:    ... okay on input line 109.
LaTeX Font Info:    Checking defaults for TS1/cmr/m/n on input line 109.
LaTeX Font Info:    ... okay on input line 109.
LaTeX Font Info:    Checking defaults for OMX/cmex/m/n on input line 109.
LaTeX Font Info:    ... okay on input line 109.
LaTeX Font Info:    Checking defaults for U/cmr/m/n on input line 109.
LaTeX Font Info:    ... okay on input line 109.
LaTeX Font Info:    Checking defaults for PD1/pdf/m/n on input line 109.
LaTeX Font Info:    ... okay on input line 109.
LaTeX Font Info:    Checking defaults for PU/pdf/m/n on input line 109.
LaTeX Font Info:    ... okay on input line 109.
(/usr/share/texmf-dist/tex/context/base/mkii/supp-pdf.mkii
[Loading MPS to PDF converter (version 2006.09.02).]
\scratchcounter=\count314
\scratchdimen=\dimen186
\scratchbox=\box64
\nofMPsegments=\count315
\nofMParguments=\count316
\everyMPshowfont=\toks38
\MPscratchCnt=\count317
\MPscratchDim=\dimen187
\MPnumerator=\count318
\makeMPintoPDFobject=\count319
\everyMPtoPDFconversion=\toks39
)
Package hyperref Info: Link coloring OFF on input line 109.
LaTeX Info: Redefining \ref on input line 109.
LaTeX Info: Redefining \pageref on input line 109.
LaTeX Info: Redefining \nameref on input line 109.
\@outlinefile=\write4
\openout4 = `Predloga_za_VSS_I.st._PAP_in_MAG_II.st._-_dvostransko.out'.

 (/usr/share/texmf-dist/tex/latex/pdflscape/pdflscape.sty
Package: pdflscape 2019/12/05 v0.12 Display of landscape pages in PDF (HO)

(/usr/share/texmf-dist/tex/latex/graphics/lscape.sty
Package: lscape 2020/05/28 v3.02 Landscape Pages (DPC)
)
Package pdflscape Info: Auto-detected driver: pdftex on input line 81.
)
Package caption Info: Begin \AtBeginDocument code.
Package caption Info: End \AtBeginDocument code.

*geometry* driver: auto-detecting
*geometry* detected driver: pdftex
*geometry* verbose mode - [ preamble ] result:
* driver: pdftex
* paper: a4paper
* layout: <same size as paper>
* layoutoffset:(h,v)=(0.0pt,0.0pt)
* modes: twoside 
* h-part:(L,W,R)=(85.35826pt, 441.01773pt, 71.13188pt)
* v-part:(T,H,B)=(85.35826pt, 688.5567pt, 71.13188pt)
* \paperwidth=597.50787pt
* \paperheight=845.04684pt
* \textwidth=441.01773pt
* \textheight=688.5567pt
* \oddsidemargin=13.08827pt
* \evensidemargin=-1.1381pt
* \topmargin=-18.78552pt
* \headheight=12.0pt
* \headsep=19.8738pt
* \topskip=12.0pt
* \footskip=30.0pt
* \marginparwidth=88.0pt
* \marginparsep=7.0pt
* \columnsep=10.0pt
* \skip\footins=10.8pt plus 4.0pt minus 2.0pt
* \hoffset=0.0pt
* \voffset=0.0pt
* \mag=1000
* \@twocolumnfalse
* \@twosidetrue
* \@mparswitchtrue
* \@reversemarginfalse
* (1in=72.27pt=25.4mm, 1cm=28.453pt)

(./prveStrani/prveStrani.tex
Package hyperref Info: Option `pageanchor' set `false' on input line 5.
 (./prveStrani/platnica.tex) [1

] [2] [3] [4]
(./prveStrani/naslovnica.tex) [1] [2]
Package hyperref Info: Option `pageanchor' set `true' on input line 22.
 [3] [4] (./prveStrani/zahvala.tex)
[5]

Package fancyhdr Warning: \headheight is too small (12.0pt): 
(fancyhdr)                Make it at least 14.49998pt, for example:
(fancyhdr)                \setlength{\headheight}{14.49998pt}.
(fancyhdr)                You might also make \topmargin smaller to compensate:

(fancyhdr)                \addtolength{\topmargin}{-2.49998pt}.

[6] [7]

Package fancyhdr Warning: \headheight is too small (12.0pt): 
(fancyhdr)                Make it at least 14.49998pt, for example:
(fancyhdr)                \setlength{\headheight}{14.49998pt}.
(fancyhdr)                You might also make \topmargin smaller to compensate:

(fancyhdr)                \addtolength{\topmargin}{-2.49998pt}.

[8] (./prveStrani/izvlecek.tex [9]

Package fancyhdr Warning: \headheight is too small (12.0pt): 
(fancyhdr)                Make it at least 14.49998pt, for example:
(fancyhdr)                \setlength{\headheight}{14.49998pt}.
(fancyhdr)                You might also make \topmargin smaller to compensate:

(fancyhdr)                \addtolength{\topmargin}{-2.49998pt}.

[10] [11]

Package fancyhdr Warning: \headheight is too small (12.0pt): 
(fancyhdr)                Make it at least 14.49998pt, for example:
(fancyhdr)                \setlength{\headheight}{14.49998pt}.
(fancyhdr)                You might also make \topmargin smaller to compensate:

(fancyhdr)                \addtolength{\topmargin}{-2.49998pt}.

[12]) (./prveStrani/kazala.tex
\tf@toc=\write5
\openout5 = `Predloga_za_VSS_I.st._PAP_in_MAG_II.st._-_dvostransko.toc'.

 [13]

Package fancyhdr Warning: \headheight is too small (12.0pt): 
(fancyhdr)                Make it at least 14.49998pt, for example:
(fancyhdr)                \setlength{\headheight}{14.49998pt}.
(fancyhdr)                You might also make \topmargin smaller to compensate:

(fancyhdr)                \addtolength{\topmargin}{-2.49998pt}.

[14]
\mylen=\skip109
\tf@lof=\write6
\openout6 = `Predloga_za_VSS_I.st._PAP_in_MAG_II.st._-_dvostransko.lof'.

 [15]

Package fancyhdr Warning: \headheight is too small (12.0pt): 
(fancyhdr)                Make it at least 14.49998pt, for example:
(fancyhdr)                \setlength{\headheight}{14.49998pt}.
(fancyhdr)                You might also make \topmargin smaller to compensate:

(fancyhdr)                \addtolength{\topmargin}{-2.49998pt}.

[16]
\tf@lot=\write7
\openout7 = `Predloga_za_VSS_I.st._PAP_in_MAG_II.st._-_dvostransko.lot'.

 [17])) (./oznake/oznake.tex

Package fancyhdr Warning: \headheight is too small (12.0pt): 
(fancyhdr)                Make it at least 14.49998pt, for example:
(fancyhdr)                \setlength{\headheight}{14.49998pt}.
(fancyhdr)                You might also make \topmargin smaller to compensate:

(fancyhdr)                \addtolength{\topmargin}{-2.49998pt}.

[18]
LaTeX Font Info:    Trying to load font information for U+msa on input line 19.

 (/usr/share/texmf-dist/tex/latex/amsfonts/umsa.fd
File: umsa.fd 2013/01/14 v3.01 AMS symbols A
)
LaTeX Font Info:    Trying to load font information for U+msb on input line 19.


(/usr/share/texmf-dist/tex/latex/amsfonts/umsb.fd
File: umsb.fd 2013/01/14 v3.01 AMS symbols B
) [19]

Package fancyhdr Warning: \headheight is too small (12.0pt): 
(fancyhdr)                Make it at least 14.49998pt, for example:
(fancyhdr)                \setlength{\headheight}{14.49998pt}.
(fancyhdr)                You might also make \topmargin smaller to compensate:

(fancyhdr)                \addtolength{\topmargin}{-2.49998pt}.

[20] [21])

Package fancyhdr Warning: \headheight is too small (12.0pt): 
(fancyhdr)                Make it at least 14.49998pt, for example:
(fancyhdr)                \setlength{\headheight}{14.49998pt}.
(fancyhdr)                You might also make \topmargin smaller to compensate:

(fancyhdr)                \addtolength{\topmargin}{-2.49998pt}.

[22] (./uvod/uvod.tex
Poglavje 1.

LaTeX Warning: Reference `sec:ozadje_problema' on page 1 undefined on input lin
e 5.


LaTeX Warning: Reference `sec:ozadje_problema' on page 1 undefined on input lin
e 5.


LaTeX Warning: Reference `sec:cilji_naloge' on page 1 undefined on input line 5
.


LaTeX Warning: Reference `sec:cilji_naloge' on page 1 undefined on input line 5
.


LaTeX Warning: Reference `sec:ozadje_problema' on page 1 undefined on input lin
e 5.


LaTeX Warning: Reference `sec:ozadje_problema' on page 1 undefined on input lin
e 5.


LaTeX Warning: Reference `cha:uvod' on page 1 undefined on input line 16.


LaTeX Warning: Reference `cha:teoreticne_osnove' on page 1 undefined on input l
ine 16.

[1

]

LaTeX Warning: Reference `eqn:e' on page 2 undefined on input line 32.


LaTeX Warning: Reference `sec:enacbe' on page 2 undefined on input line 32.


LaTeX Warning: Reference `sec:enacbe' on page 2 undefined on input line 32.

) [2] (./teorija/teoreticneOsnove.tex
Poglavje 2.
[3

]

LaTeX Warning: Reference `tab:ucinkovitost_procesov' on page 4 undefined on inp
ut line 84.


LaTeX Warning: Reference `tab:ucinkovitost_procesov' on page 4 undefined on inp
ut line 90.


LaTeX Warning: Citation `bazant_1991' on page 4 undefined on input line 95.

[4]

LaTeX Warning: Reference `tab:ucinkovitost_procesov' on page 5 undefined on inp
ut line 185.

[5]

LaTeX Warning: Reference `fig:slika_mikroskop' on page 6 undefined on input lin
e 206.

Package epstopdf Info: Source file: <slike/slika_mikroskop.eps>
(epstopdf)                    date: 2022-04-23 22:48:34
(epstopdf)                    size: 282969 bytes
(epstopdf)             Output file: <slike/slika_mikroskop-eps-converted-to.pdf
>
(epstopdf)             Command: <repstopdf --outfile=slike/slika_mikroskop-eps-
converted-to.pdf slike/slika_mikroskop.eps>
(epstopdf)             \includegraphics on input line 210.
runsystem(repstopdf --outfile=slike/slika_mikroskop-eps-converted-to.pdf slike/
slika_mikroskop.eps)...executed safely (allowed).

Package epstopdf Info: Result file: <slike/slika_mikroskop-eps-converted-to.pdf
>
(epstopdf)                    date: 2022-04-23 22:53:10
(epstopdf)                    size: 34519 bytes.
<slike/slika_mikroskop-eps-converted-to.pdf, id=160, 232.87pt x 160.6pt>
File: slike/slika_mikroskop-eps-converted-to.pdf Graphic file (type pdf)
<use slike/slika_mikroskop-eps-converted-to.pdf>
Package pdftex.def Info: slike/slika_mikroskop-eps-converted-to.pdf  used on in
put line 210.
(pdftex.def)             Requested size: 232.86942pt x 160.5996pt.

LaTeX Warning: Citation `stropnik_1997' on page 6 undefined on input line 212.


LaTeX Warning: Citation `stropnik_1997' on page 6 undefined on input line 212.

Package epstopdf Info: Source file: <slike/neke_molekule.eps>
(epstopdf)                    date: 2022-04-23 22:48:34
(epstopdf)                    size: 732852 bytes
(epstopdf)             Output file: <slike/neke_molekule-eps-converted-to.pdf>
(epstopdf)             Command: <repstopdf --outfile=slike/neke_molekule-eps-co
nverted-to.pdf slike/neke_molekule.eps>
(epstopdf)             \includegraphics on input line 219.
runsystem(repstopdf --outfile=slike/neke_molekule-eps-converted-to.pdf slike/ne
ke_molekule.eps)...executed safely (allowed).

Package epstopdf Info: Result file: <slike/neke_molekule-eps-converted-to.pdf>
(epstopdf)                    date: 2022-04-23 22:53:11
(epstopdf)                    size: 38699 bytes.
<slike/neke_molekule-eps-converted-to.pdf, id=161, 158.5925pt x 145.54375pt>
File: slike/neke_molekule-eps-converted-to.pdf Graphic file (type pdf)
<use slike/neke_molekule-eps-converted-to.pdf>
Package pdftex.def Info: slike/neke_molekule-eps-converted-to.pdf  used on inpu
t line 219.
(pdftex.def)             Requested size: 158.59209pt x 145.54338pt.

LaTeX Warning: Citation `stropnik_1997' on page 6 undefined on input line 221.


LaTeX Warning: Citation `Doe_1991' on page 6 undefined on input line 221.


LaTeX Warning: Citation `stropnik_1997' on page 6 undefined on input line 221.


LaTeX Warning: Citation `Doe_1991' on page 6 undefined on input line 221.

[6 <./slike/slika_mikroskop-eps-converted-to.pdf> <./slike/neke_molekule-eps-co
nverted-to.pdf>]

LaTeX Warning: Reference `fig:neke_molekule' on page 7 undefined on input line 
242.


LaTeX Warning: Reference `fig:2_grafa' on page 7 undefined on input line 242.

Package epstopdf Info: Source file: <slike/graf_1.eps>
(epstopdf)                    date: 2022-04-23 22:48:34
(epstopdf)                    size: 165831 bytes
(epstopdf)             Output file: <slike/graf_1-eps-converted-to.pdf>
(epstopdf)             Command: <repstopdf --outfile=slike/graf_1-eps-converted
-to.pdf slike/graf_1.eps>
(epstopdf)             \includegraphics on input line 251.
runsystem(repstopdf --outfile=slike/graf_1-eps-converted-to.pdf slike/graf_1.ep
s)...executed safely (allowed).

Package epstopdf Info: Result file: <slike/graf_1-eps-converted-to.pdf>
(epstopdf)                    date: 2022-04-23 22:53:11
(epstopdf)                    size: 35781 bytes.
<slike/graf_1-eps-converted-to.pdf, id=173, 220.825pt x 228.855pt>
File: slike/graf_1-eps-converted-to.pdf Graphic file (type pdf)
<use slike/graf_1-eps-converted-to.pdf>
Package pdftex.def Info: slike/graf_1-eps-converted-to.pdf  used on input line 
251.
(pdftex.def)             Requested size: 154.57643pt x 160.1974pt.
Package epstopdf Info: Source file: <slike/graf_2.eps>
(epstopdf)                    date: 2022-04-23 22:48:34
(epstopdf)                    size: 171000 bytes
(epstopdf)             Output file: <slike/graf_2-eps-converted-to.pdf>
(epstopdf)             Command: <repstopdf --outfile=slike/graf_2-eps-converted
-to.pdf slike/graf_2.eps>
(epstopdf)             \includegraphics on input line 256.
runsystem(repstopdf --outfile=slike/graf_2-eps-converted-to.pdf slike/graf_2.ep
s)...executed safely (allowed).

Package epstopdf Info: Result file: <slike/graf_2-eps-converted-to.pdf>
(epstopdf)                    date: 2022-04-23 22:53:11
(epstopdf)                    size: 37214 bytes.
<slike/graf_2-eps-converted-to.pdf, id=174, 220.825pt x 228.855pt>
File: slike/graf_2-eps-converted-to.pdf Graphic file (type pdf)
<use slike/graf_2-eps-converted-to.pdf>
Package pdftex.def Info: slike/graf_2-eps-converted-to.pdf  used on input line 
256.
(pdftex.def)             Requested size: 154.57643pt x 160.1974pt.
Package epstopdf Info: Source file: <slike/voda_in_nekej.eps>
(epstopdf)                    date: 2022-04-23 22:48:34
(epstopdf)                    size: 11434622 bytes
(epstopdf)             Output file: <slike/voda_in_nekej-eps-converted-to.pdf>
(epstopdf)             Command: <repstopdf --outfile=slike/voda_in_nekej-eps-co
nverted-to.pdf slike/voda_in_nekej.eps>
(epstopdf)             \includegraphics on input line 267.
runsystem(repstopdf --outfile=slike/voda_in_nekej-eps-converted-to.pdf slike/vo
da_in_nekej.eps)...executed safely (allowed).

Package epstopdf Info: Result file: <slike/voda_in_nekej-eps-converted-to.pdf>
(epstopdf)                    date: 2022-04-23 22:53:17
(epstopdf)                    size: 598999 bytes.
<slike/voda_in_nekej-eps-converted-to.pdf, id=175, 355.3275pt x 236.885pt>
File: slike/voda_in_nekej-eps-converted-to.pdf Graphic file (type pdf)
<use slike/voda_in_nekej-eps-converted-to.pdf>
Package pdftex.def Info: slike/voda_in_nekej-eps-converted-to.pdf  used on inpu
t line 267.
(pdftex.def)             Requested size: 355.32661pt x 236.88441pt.

LaTeX Warning: Citation `Loukides_2020' on page 7 undefined on input line 270.


LaTeX Warning: Citation `Loukides_2020' on page 7 undefined on input line 270.


LaTeX Warning: Reference `fig:2_grafa' on page 7 undefined on input line 274.


LaTeX Warning: Reference `fig:voda_in_nekej' on page 7 undefined on input line 
274.

[7 <./slike/graf_1-eps-converted-to.pdf> <./slike/graf_2-eps-converted-to.pdf> 
<./slike/voda_in_nekej-eps-converted-to.pdf>]

LaTeX Warning: Reference `fig:slika_mikroskop' on page 8 undefined on input lin
e 279.


LaTeX Warning: Reference `eqn:e' on page 8 undefined on input line 297.


LaTeX Warning: Reference `eqn:e_cel' on page 8 undefined on input line 301.


LaTeX Warning: Reference `eqn:Nu' on page 8 undefined on input line 301.


LaTeX Warning: Citation `stropnik_1997' on page 8 undefined on input line 319.

[8]

LaTeX Warning: Citation `bazant_1991' on page 9 undefined on input line 351.


LaTeX Warning: Citation `bazant_1991' on page 9 undefined on input line 353.


LaTeX Warning: Citation `Bazant_2008' on page 9 undefined on input line 355.


LaTeX Warning: Citation `Doe_1991' on page 9 undefined on input line 357.


LaTeX Warning: Citation `Doe_1991' on page 9 undefined on input line 358.


LaTeX Warning: Citation `bazant_1991' on page 9 undefined on input line 360.


LaTeX Warning: Citation `Doe_1991' on page 9 undefined on input line 361.


LaTeX Warning: Citation `Bazant_2008' on page 9 undefined on input line 361.


LaTeX Warning: Citation `bazant_1991' on page 9 undefined on input line 362.


LaTeX Warning: Citation `Doe_1991' on page 9 undefined on input line 362.


LaTeX Warning: Citation `Bazant_2008' on page 9 undefined on input line 362.


Overfull \hbox (12.06645pt too wide) in paragraph at lines 359--363
[]\OT1/cmr/m/n/12 Ko se ci-tira ve^^Tc del je za^^Tzeljeno, da so ti lo^^Tceni 
z ogla-timi okle-paji npr.: ...prera^^Tcunavanje
 []


LaTeX Warning: Citation `bazant_1991' on page 9 undefined on input line 364.


LaTeX Warning: Citation `Bazant_2008' on page 9 undefined on input line 364.


LaTeX Warning: Citation `bazant_1991' on page 9 undefined on input line 366.


LaTeX Warning: Citation `stropnik_1997' on page 9 undefined on input line 366.


LaTeX Warning: Citation `Doe_1991' on page 9 undefined on input line 366.


LaTeX Warning: Citation `Loukides_2020' on page 9 undefined on input line 366.


LaTeX Warning: Citation `Bazant_2008' on page 9 undefined on input line 366.


LaTeX Warning: Reference `sec:vzorci_lit' on page 9 undefined on input line 370
.


LaTeX Warning: Reference `sec:vzorci_lit' on page 9 undefined on input line 371
.


LaTeX Warning: Reference `sec:vzorci_lit' on page 9 undefined on input line 376
.


LaTeX Warning: Reference `sec:vzorci_lit' on page 9 undefined on input line 377
.


LaTeX Warning: Citation `bazant_1991' on page 9 undefined on input line 380.

[9]
Underfull \hbox (badness 10000) in paragraph at lines 398--402

 []


Underfull \hbox (badness 10000) in paragraph at lines 432--435

 []


Underfull \hbox (badness 10000) in paragraph at lines 444--447

 []


Underfull \hbox (badness 10000) in paragraph at lines 448--451

 []


Underfull \hbox (badness 10000) in paragraph at lines 464--466

 []


Underfull \hbox (badness 10000) in paragraph at lines 467--469

 []

[10]
Underfull \hbox (badness 10000) in paragraph at lines 485--489

 []


Overfull \hbox (6.2009pt too wide) in paragraph at lines 490--492
[]\OT1/cmr/m/n/12 ``Poslovna apli-ka-cija,'' v \OT1/cmr/m/it/12 eSlo-var\OT1/cm
r/m/n/12 . do-sto-pno na: []$\OT1/cmtt/m/n/12 http : / / www . eslovar . com / 
besedilo .
 []


Overfull \hbox (23.0498pt too wide) in paragraph at lines 496--500
\OT1/cmr/m/n/12 ZSDU-B, 33/2007-ZSReg-B, 67/2007-ZTFI (100/2007 popr.), 10/2008
, 68/2008, 23/2009;
 []


Underfull \hbox (badness 10000) in paragraph at lines 496--500

 []


Underfull \hbox (badness 10000) in paragraph at lines 501--503

 []


Underfull \hbox (badness 10000) in paragraph at lines 504--507

 []


Underfull \hbox (badness 10000) in paragraph at lines 509--510

 []


LaTeX Warning: Citation `bazant_1991' on page 11 undefined on input line 529.


LaTeX Warning: Citation `Doe_1991' on page 11 undefined on input line 530.


LaTeX Warning: Citation `Bazant_2008' on page 11 undefined on input line 530.


LaTeX Warning: Citation `Gonzalez_2014' on page 11 undefined on input line 530.



LaTeX Warning: Citation `Bazant_2005' on page 11 undefined on input line 530.


LaTeX Warning: Citation `Bazant_2007' on page 11 undefined on input line 532.


LaTeX Warning: Citation `Kogoj_DTD' on page 11 undefined on input line 532.


LaTeX Warning: Citation `Merkur_2005' on page 11 undefined on input line 532.


LaTeX Warning: Citation `SURS_2009' on page 11 undefined on input line 532.


LaTeX Warning: Citation `SURS_2005' on page 11 undefined on input line 532.


LaTeX Warning: Citation `MKariera' on page 11 undefined on input line 532.


LaTeX Warning: Citation `Encyclopedia' on page 11 undefined on input line 532.


LaTeX Warning: Citation `Posl_app' on page 11 undefined on input line 532.


LaTeX Warning: Citation `ZGD' on page 11 undefined on input line 532.


LaTeX Warning: Citation `ZOP' on page 11 undefined on input line 532.


LaTeX Warning: Citation `ISO_2573' on page 11 undefined on input line 532.


LaTeX Warning: Citation `DIN_4768' on page 11 undefined on input line 532.


LaTeX Warning: Citation `JISB0601' on page 11 undefined on input line 533.


LaTeX Warning: Citation `Novak_2015' on page 11 undefined on input line 533.

) [11] (./metodologija/metodologija.tex [12

]
Poglavje 3.
[13] [14]) [15] (./rezultati/rezultati.tex [16

]
Poglavje 4.
) [17] (./diskusija/diskusija.tex [18

]
Poglavje 5.
) [19] (./zakljucki/zakljucki.tex [20

]
Poglavje 6.
) [21]
No file Predloga_za_VSS_I.st._PAP_in_MAG_II.st._-_dvostransko.bbl.
(./dodatki/dodatek.tex [22

]
Poglavje .
) [23] [24] (./Predloga_za_VSS_I.st._PAP_in_MAG_II.st._-_dvostransko.aux)

LaTeX Warning: There were undefined references.


LaTeX Warning: Label(s) may have changed. Rerun to get cross-references right.


Package rerunfilecheck Warning: File `Predloga_za_VSS_I.st._PAP_in_MAG_II.st._-
_dvostransko.out' has changed.
(rerunfilecheck)                Rerun to get outlines right
(rerunfilecheck)                or use package `bookmark'.

Package rerunfilecheck Info: Checksums for `Predloga_za_VSS_I.st._PAP_in_MAG_II
.st._-_dvostransko.out':
(rerunfilecheck)             Before: <no file>
(rerunfilecheck)             After:  3197BA163AB622A542B1A547319E1302;3831.
 ) 
Here is how much of TeX's memory you used:
 22267 strings out of 478276
 374114 string characters out of 5853013
 681000 words of memory out of 5000000
 39970 multiletter control sequences out of 15000+600000
 478155 words of font info for 61 fonts, out of 8000000 for 9000
 1141 hyphenation exceptions out of 8191
 77i,16n,79p,858b,2377s stack positions out of 5000i,500n,10000p,200000b,80000s
</usr/share/texmf-dist/fonts/type1/public/amsfonts/cm/cmbx12.pfb></usr/share/
texmf-dist/fonts/type1/public/amsfonts/cm/cmbxti10.pfb></usr/share/texmf-dist/f
onts/type1/public/amsfonts/cm/cmex10.pfb></usr/share/texmf-dist/fonts/type1/pub
lic/amsfonts/cm/cmmi12.pfb></usr/share/texmf-dist/fonts/type1/public/amsfonts/c
m/cmmi8.pfb></usr/share/texmf-dist/fonts/type1/public/amsfonts/cm/cmr10.pfb></u
sr/share/texmf-dist/fonts/type1/public/amsfonts/cm/cmr12.pfb></usr/share/texmf-
dist/fonts/type1/public/amsfonts/cm/cmr8.pfb></usr/share/texmf-dist/fonts/type1
/public/amsfonts/cm/cmsy10.pfb></usr/share/texmf-dist/fonts/type1/public/amsfon
ts/cm/cmsy6.pfb></usr/share/texmf-dist/fonts/type1/public/amsfonts/cm/cmsy8.pfb
></usr/share/texmf-dist/fonts/type1/public/amsfonts/cm/cmti12.pfb></usr/share/t
exmf-dist/fonts/type1/public/amsfonts/cm/cmtt12.pfb>
Output written on Predloga_za_VSS_I.st._PAP_in_MAG_II.st._-_dvostransko.pdf (50
 pages, 951311 bytes).
PDF statistics:
 379 PDF objects out of 1000 (max. 8388607)
 288 compressed objects within 3 object streams
 96 named destinations out of 1000 (max. 500000)
 38 words of extra memory for PDF output out of 10000 (max. 10000000)

