\BOOKMARK [1][-]{Doc-Start}{Kazalo\040slik}{}% 1
\BOOKMARK [1][-]{Doc-Start}{Kazalo\040preglednic}{}% 2
\BOOKMARK [1][-]{Doc-Start}{Seznam\040uporabljenih\040simbolov}{}% 3
\BOOKMARK [1][-]{table.0.2}{Seznam\040uporabljenih\040okraj\235av}{}% 4
\BOOKMARK [0][-]{chapter.1}{Uvod}{}% 5
\BOOKMARK [1][-]{section.1.1}{Ozadje\040problema}{chapter.1}% 6
\BOOKMARK [1][-]{section.1.2}{Cilji\040naloge}{chapter.1}% 7
\BOOKMARK [1][-]{section.1.3}{\376\377\000N\000a\000v\000o\000d\000i\000l\000o\000\040\000z\000a\000\040\000u\000p\000o\000r\000a\000b\000o\000\040\000p\000r\000e\000d\000l\000o\000g\000e\000\040\000z\000a\000\040\000z\000a\000k\000l\000j\000u\001\015\000n\000e\000\040\000n\000a\000l\000o\000g\000e}{chapter.1}% 8
\BOOKMARK [2][-]{subsection.1.3.1}{Uporaba\040prednastavljenih\040slogov\040v\040predlogi}{section.1.3}% 9
\BOOKMARK [2][-]{subsection.1.3.2}{Sklicevanje\040na\040dele\040besedila}{section.1.3}% 10
\BOOKMARK [0][-]{chapter.2}{\376\377\000T\000e\000o\000r\000e\000t\000i\001\015\000n\000e\000\040\000o\000s\000n\000o\000v\000e\000\040\000i\000n\000\040\000p\000r\000e\000g\000l\000e\000d\000\040\000l\000i\000t\000e\000r\000a\000t\000u\000r\000e}{}% 11
\BOOKMARK [1][-]{section.2.1}{Vsebina}{chapter.2}% 12
\BOOKMARK [2][-]{subsection.2.1.1}{Vir\040informacij}{section.2.1}% 13
\BOOKMARK [1][-]{section.2.2}{Podpoglavja\040in\040slogi}{chapter.2}% 14
\BOOKMARK [2][-]{subsection.2.2.1}{Podpoglavje\0402.\040ravni}{section.2.2}% 15
\BOOKMARK [3][-]{subsubsection.2.2.1.1}{Podpoglavje\0403.\040ravni}{subsection.2.2.1}% 16
\BOOKMARK [3][-]{subsubsection.2.2.1.2}{\376\377\000U\000p\000o\000r\000a\000b\000a\000\040\000k\000r\000e\000p\000k\000e\000g\000a\000,\000\040\000p\000o\001\141\000e\000v\000n\000e\000g\000a\000\040\000i\000n\000\040\000p\000o\000d\001\015\000r\000t\000a\000n\000e\000g\000a\000\040\000t\000i\000s\000k\000a}{subsection.2.2.1}% 17
\BOOKMARK [3][-]{subsubsection.2.2.1.3}{Ravni\040na\235tevanja}{subsection.2.2.1}% 18
\BOOKMARK [1][-]{section.2.3}{Preglednice}{chapter.2}% 19
\BOOKMARK [1][-]{section.2.4}{Slike}{chapter.2}% 20
\BOOKMARK [1][-]{section.2.5}{\376\377\000E\000n\000a\001\015\000b\000e}{chapter.2}% 21
\BOOKMARK [1][-]{section.2.6}{Citiranje\040in\040navajanje\040virov}{chapter.2}% 22
\BOOKMARK [2][-]{subsection.2.6.1}{Vzorci\040popisa\040literature}{section.2.6}% 23
\BOOKMARK [0][-]{chapter.3}{Metodologija\040raziskave}{}% 24
\BOOKMARK [1][-]{section.3.1}{\376\377\000P\000r\000e\000r\000a\001\015\000u\000n\000i}{chapter.3}% 25
\BOOKMARK [1][-]{section.3.2}{Eksperimentalni\040del}{chapter.3}% 26
\BOOKMARK [2][-]{subsection.3.2.1}{Vzorci\040in\040materiali}{section.3.2}% 27
\BOOKMARK [3][-]{subsubsection.3.2.1.1}{Zobni\235ki\040par}{subsection.3.2.1}% 28
\BOOKMARK [3][-]{subsubsection.3.2.1.2}{Gred}{subsection.3.2.1}% 29
\BOOKMARK [2][-]{subsection.3.2.2}{Metodologija\040preizkusov}{section.3.2}% 30
\BOOKMARK [3][-]{subsubsection.3.2.2.1}{\376\377\000Z\000o\000b\000n\000i\001\141\000k\000o\000\040\000p\000r\000e\000i\000z\000k\000u\001\141\000e\000v\000a\000l\000i\001\141\001\015\000e}{subsection.3.2.2}% 31
\BOOKMARK [3][-]{subsubsection.3.2.2.2}{Merilnik\040pomikov\040\(LVDT\)}{subsection.3.2.2}% 32
\BOOKMARK [2][-]{subsection.3.2.3}{Analiza\040deformacijskih\040mehanizmov}{section.3.2}% 33
\BOOKMARK [1][-]{section.3.3}{\376\377\000K\000o\000r\000e\000l\000a\000c\000i\000j\000a\000\040\000p\000r\000e\000r\000a\001\015\000u\000n\000o\000v\000\040\000i\000n\000\040\000e\000k\000s\000p\000e\000r\000i\000m\000e\000n\000t\000a\000l\000n\000i\000h\000\040\000r\000e\000z\000u\000l\000t\000a\000t\000o\000v}{chapter.3}% 34
\BOOKMARK [0][-]{chapter.4}{Rezultati}{}% 35
\BOOKMARK [0][-]{chapter.5}{Diskusija}{}% 36
\BOOKMARK [0][-]{chapter.6}{\376\377\000Z\000a\000k\000l\000j\000u\001\015\000k\000i}{}% 37
\BOOKMARK [0][-]{chapter.7}{Priloga\040A}{}% 38
